<?xml version="1.0" encoding="UTF-8" ?>
<testsuite tests="1" failures="0" name="ml.GitDemoTest" time="0.156" errors="0" skipped="0">
  <properties>
    <property name="java.runtime.name" value="Java(TM) SE Runtime Environment"/>
    <property name="sun.boot.library.path" value="C:\Program Files\Java\jdk1.8.0\jre\bin"/>
    <property name="java.vm.version" value="25.0-b70"/>
    <property name="java.vm.vendor" value="Oracle Corporation"/>
    <property name="java.vendor.url" value="http://java.oracle.com/"/>
    <property name="path.separator" value=";"/>
    <property name="java.vm.name" value="Java HotSpot(TM) 64-Bit Server VM"/>
    <property name="file.encoding.pkg" value="sun.io"/>
    <property name="user.script" value=""/>
    <property name="user.country" value="DE"/>
    <property name="sun.java.launcher" value="SUN_STANDARD"/>
    <property name="sun.os.patch.level" value=""/>
    <property name="java.vm.specification.name" value="Java Virtual Machine Specification"/>
    <property name="user.dir" value="C:\ml\code-cloud\gitdemo"/>
    <property name="java.runtime.version" value="1.8.0-b132"/>
    <property name="java.awt.graphicsenv" value="sun.awt.Win32GraphicsEnvironment"/>
    <property name="basedir" value="C:\ml\code-cloud\gitdemo"/>
    <property name="java.endorsed.dirs" value="C:\Program Files\Java\jdk1.8.0\jre\lib\endorsed"/>
    <property name="os.arch" value="amd64"/>
    <property name="surefire.real.class.path" value="C:\ml\code-cloud\gitdemo\target\surefire\surefirebooter4194625869609283728.jar"/>
    <property name="java.io.tmpdir" value="C:\cygwin64\tmp\"/>
    <property name="line.separator" value="
"/>
    <property name="java.vm.specification.vendor" value="Oracle Corporation"/>
    <property name="user.variant" value=""/>
    <property name="os.name" value="Windows 8.1"/>
    <property name="sun.jnu.encoding" value="Cp1252"/>
    <property name="java.library.path" value="C:\Program Files\Java\jdk1.8.0\jre\bin;C:\WINDOWS\Sun\Java\bin;C:\WINDOWS\system32;C:\WINDOWS;C:\Program Files\Java\jdk1.8.0\bin;C:\cygwin64\usr\local\bin;C:\cygwin64\bin;C:\Program Files (x86)\PC Connectivity Solution;C:\Program Files (x86)\Intel\iCLS Client;C:\Program Files\Intel\iCLS Client;C:\Program Files (x86)\NVIDIA Corporation\PhysX\Common;C:\WINDOWS\system32;C:\WINDOWS;C:\WINDOWS\System32\Wbem;C:\WINDOWS\System32\WindowsPowerShell\v1.0;C:\Program Files (x86)\Windows Live\Shared;C:\Program Files\Intel\Intel(R) Management Engine Components\DAL;C:\Program Files\Intel\Intel(R) Management Engine Components\IPT;C:\Program Files (x86)\Intel\Intel(R) Management Engine Components\DAL;C:\Program Files (x86)\Intel\Intel(R) Management Engine Components\IPT;C:\Program Files\Intel\WiFi\bin;C:\Program Files\Common Files\Intel\WirelessCommon;C:\Program Files\nodejs;C:\ml\software\apache-maven-3.1.1\bin;C:\Program Files\MiKTeX 2.9\miktex\bin\x64;C:\Program Files (x86)\SumatraPDF;C:\ml\software\gradle-1.11\bin;C:\ml\software\cloudbees-sdk-1.5.2;C:\ml\software\apache-ant-1.9.4\bin;C:\Program Files (x86)\OpenSSH\bin;C:\ml\software\phantomjs-1.9.7-windows;C:\ml\software\spring-boot-cli-1.1.1.RELEASE\bin;C:\Program Files (x86)\Calibre2;C:\Program Files (x86)\Git\cmd;C:\Program Files\TortoiseGit\bin;C:\Program Files (x86)\Skype\Phone;C:\Users\Markus\AppData\Roaming\npm;."/>
    <property name="surefire.test.class.path" value="C:\ml\code-cloud\gitdemo\target\test-classes;C:\ml\code-cloud\gitdemo\target\classes;C:\Users\Markus\.m2\repository\junit\junit\4.11\junit-4.11.jar;C:\Users\Markus\.m2\repository\org\hamcrest\hamcrest-core\1.3\hamcrest-core-1.3.jar;C:\Users\Markus\.m2\repository\org\springframework\batch\spring-batch-core\2.2.1.RELEASE\spring-batch-core-2.2.1.RELEASE.jar;C:\Users\Markus\.m2\repository\com\thoughtworks\xstream\xstream\1.3\xstream-1.3.jar;C:\Users\Markus\.m2\repository\xpp3\xpp3_min\1.1.4c\xpp3_min-1.1.4c.jar;C:\Users\Markus\.m2\repository\org\codehaus\jettison\jettison\1.1\jettison-1.1.jar;C:\Users\Markus\.m2\repository\org\springframework\batch\spring-batch-infrastructure\2.2.1.RELEASE\spring-batch-infrastructure-2.2.1.RELEASE.jar;C:\Users\Markus\.m2\repository\org\springframework\retry\spring-retry\1.0.2.RELEASE\spring-retry-1.0.2.RELEASE.jar;C:\Users\Markus\.m2\repository\org\springframework\spring-core\4.0.6.RELEASE\spring-core-4.0.6.RELEASE.jar;C:\Users\Markus\.m2\repository\org\springframework\spring-beans\4.0.6.RELEASE\spring-beans-4.0.6.RELEASE.jar;C:\Users\Markus\.m2\repository\org\springframework\spring-context\4.0.6.RELEASE\spring-context-4.0.6.RELEASE.jar;C:\Users\Markus\.m2\repository\org\springframework\spring-aop\4.0.6.RELEASE\spring-aop-4.0.6.RELEASE.jar;C:\Users\Markus\.m2\repository\aopalliance\aopalliance\1.0\aopalliance-1.0.jar;C:\Users\Markus\.m2\repository\org\springframework\spring-expression\4.0.6.RELEASE\spring-expression-4.0.6.RELEASE.jar;C:\Users\Markus\.m2\repository\org\springframework\spring-jdbc\4.0.6.RELEASE\spring-jdbc-4.0.6.RELEASE.jar;C:\Users\Markus\.m2\repository\org\springframework\spring-tx\4.0.6.RELEASE\spring-tx-4.0.6.RELEASE.jar;C:\Users\Markus\.m2\repository\org\springframework\spring-oxm\4.0.6.RELEASE\spring-oxm-4.0.6.RELEASE.jar;C:\Users\Markus\.m2\repository\org\springframework\spring-webmvc\4.0.6.RELEASE\spring-webmvc-4.0.6.RELEASE.jar;C:\Users\Markus\.m2\repository\org\springframework\spring-web\4.0.6.RELEASE\spring-web-4.0.6.RELEASE.jar;C:\Users\Markus\.m2\repository\org\springframework\spring-orm\4.0.6.RELEASE\spring-orm-4.0.6.RELEASE.jar;C:\Users\Markus\.m2\repository\c3p0\c3p0\0.9.1.2\c3p0-0.9.1.2.jar;C:\Users\Markus\.m2\repository\org\apache\commons\commons-lang3\3.1\commons-lang3-3.1.jar;C:\Users\Markus\.m2\repository\commons-lang\commons-lang\2.6\commons-lang-2.6.jar;C:\Users\Markus\.m2\repository\commons-beanutils\commons-beanutils\1.8.3\commons-beanutils-1.8.3.jar;C:\Users\Markus\.m2\repository\commons-logging\commons-logging\1.1.1\commons-logging-1.1.1.jar;C:\Users\Markus\.m2\repository\commons-collections\commons-collections\20040616\commons-collections-20040616.jar;C:\Users\Markus\.m2\repository\commons-net\commons-net\3.3\commons-net-3.3.jar;C:\Users\Markus\.m2\repository\javax\servlet\jstl\1.2\jstl-1.2.jar;C:\Users\Markus\.m2\repository\org\jvnet\jaxb2_commons\jaxb2-basics-runtime\0.6.4\jaxb2-basics-runtime-0.6.4.jar;C:\Users\Markus\.m2\repository\com\jcraft\jsch\0.1.50\jsch-0.1.50.jar;C:\Users\Markus\.m2\repository\net\sf\jt400\jt400\6.7\jt400-6.7.jar;C:\Users\Markus\.m2\repository\de\idyl\winzipaes\1.0.1\winzipaes-1.0.1.jar;C:\Users\Markus\.m2\repository\org\bouncycastle\bcprov-jdk16\1.45\bcprov-jdk16-1.45.jar;C:\Users\Markus\.m2\repository\org\slf4j\slf4j-api\1.7.5\slf4j-api-1.7.5.jar;C:\Users\Markus\.m2\repository\org\slf4j\jcl-over-slf4j\1.7.5\jcl-over-slf4j-1.7.5.jar;C:\Users\Markus\.m2\repository\net\sourceforge\jtds\jtds\1.2.4\jtds-1.2.4.jar;C:\Users\Markus\.m2\repository\commons-io\commons-io\2.4\commons-io-2.4.jar;C:\Users\Markus\.m2\repository\ch\qos\logback\logback-classic\1.0.13\logback-classic-1.0.13.jar;C:\Users\Markus\.m2\repository\ch\qos\logback\logback-core\1.0.13\logback-core-1.0.13.jar;C:\Users\Markus\.m2\repository\javax\mail\mail\1.5.0-b01\mail-1.5.0-b01.jar;C:\Users\Markus\.m2\repository\javax\activation\activation\1.1\activation-1.1.jar;C:\Users\Markus\.m2\repository\org\hibernate\hibernate-core\4.2.3.Final\hibernate-core-4.2.3.Final.jar;C:\Users\Markus\.m2\repository\antlr\antlr\2.7.7\antlr-2.7.7.jar;C:\Users\Markus\.m2\repository\org\jboss\logging\jboss-logging\3.1.0.GA\jboss-logging-3.1.0.GA.jar;C:\Users\Markus\.m2\repository\dom4j\dom4j\1.6.1\dom4j-1.6.1.jar;C:\Users\Markus\.m2\repository\org\jboss\spec\javax\transaction\jboss-transaction-api_1.1_spec\1.0.1.Final\jboss-transaction-api_1.1_spec-1.0.1.Final.jar;C:\Users\Markus\.m2\repository\org\hibernate\javax\persistence\hibernate-jpa-2.0-api\1.0.1.Final\hibernate-jpa-2.0-api-1.0.1.Final.jar;C:\Users\Markus\.m2\repository\org\hibernate\common\hibernate-commons-annotations\4.0.2.Final\hibernate-commons-annotations-4.0.2.Final.jar;C:\Users\Markus\.m2\repository\org\javassist\javassist\3.15.0-GA\javassist-3.15.0-GA.jar;C:\Users\Markus\.m2\repository\org\hibernate\hibernate-entitymanager\4.2.3.Final\hibernate-entitymanager-4.2.3.Final.jar;C:\Users\Markus\.m2\repository\org\hibernate\hibernate-validator\5.0.1.Final\hibernate-validator-5.0.1.Final.jar;C:\Users\Markus\.m2\repository\javax\validation\validation-api\1.1.0.Final\validation-api-1.1.0.Final.jar;C:\Users\Markus\.m2\repository\com\fasterxml\classmate\0.8.0\classmate-0.8.0.jar;C:\Users\Markus\.m2\repository\commons-dbcp\commons-dbcp\1.4\commons-dbcp-1.4.jar;C:\Users\Markus\.m2\repository\commons-pool\commons-pool\1.5.4\commons-pool-1.5.4.jar;C:\Users\Markus\.m2\repository\org\apache\cxf\cxf-api\2.7.6\cxf-api-2.7.6.jar;C:\Users\Markus\.m2\repository\org\codehaus\woodstox\woodstox-core-asl\4.2.0\woodstox-core-asl-4.2.0.jar;C:\Users\Markus\.m2\repository\org\codehaus\woodstox\stax2-api\3.1.1\stax2-api-3.1.1.jar;C:\Users\Markus\.m2\repository\org\apache\ws\xmlschema\xmlschema-core\2.0.3\xmlschema-core-2.0.3.jar;C:\Users\Markus\.m2\repository\org\apache\geronimo\specs\geronimo-javamail_1.4_spec\1.7.1\geronimo-javamail_1.4_spec-1.7.1.jar;C:\Users\Markus\.m2\repository\wsdl4j\wsdl4j\1.6.3\wsdl4j-1.6.3.jar;C:\Users\Markus\.m2\repository\org\apache\cxf\cxf-rt-frontend-jaxws\2.7.6\cxf-rt-frontend-jaxws-2.7.6.jar;C:\Users\Markus\.m2\repository\xml-resolver\xml-resolver\1.2\xml-resolver-1.2.jar;C:\Users\Markus\.m2\repository\asm\asm\3.3.1\asm-3.3.1.jar;C:\Users\Markus\.m2\repository\org\apache\cxf\cxf-rt-core\2.7.6\cxf-rt-core-2.7.6.jar;C:\Users\Markus\.m2\repository\com\sun\xml\bind\jaxb-impl\2.1.13\jaxb-impl-2.1.13.jar;C:\Users\Markus\.m2\repository\org\apache\cxf\cxf-rt-bindings-soap\2.7.6\cxf-rt-bindings-soap-2.7.6.jar;C:\Users\Markus\.m2\repository\org\apache\cxf\cxf-rt-databinding-jaxb\2.7.6\cxf-rt-databinding-jaxb-2.7.6.jar;C:\Users\Markus\.m2\repository\org\apache\cxf\cxf-rt-bindings-xml\2.7.6\cxf-rt-bindings-xml-2.7.6.jar;C:\Users\Markus\.m2\repository\org\apache\cxf\cxf-rt-frontend-simple\2.7.6\cxf-rt-frontend-simple-2.7.6.jar;C:\Users\Markus\.m2\repository\org\apache\cxf\cxf-rt-ws-addr\2.7.6\cxf-rt-ws-addr-2.7.6.jar;C:\Users\Markus\.m2\repository\org\apache\cxf\cxf-rt-ws-policy\2.7.6\cxf-rt-ws-policy-2.7.6.jar;C:\Users\Markus\.m2\repository\org\apache\neethi\neethi\3.0.2\neethi-3.0.2.jar;C:\Users\Markus\.m2\repository\org\apache\cxf\cxf-rt-transports-http\2.7.6\cxf-rt-transports-http-2.7.6.jar;C:\Users\Markus\.m2\repository\org\liquibase\liquibase-core\3.2.0\liquibase-core-3.2.0.jar;C:\Users\Markus\.m2\repository\commons-cli\commons-cli\1.2\commons-cli-1.2.jar;C:\Users\Markus\.m2\repository\org\apache\velocity\velocity\1.7\velocity-1.7.jar;C:\Users\Markus\.m2\repository\org\eclipse\jetty\jetty-servlet\8.1.14.v20131031\jetty-servlet-8.1.14.v20131031.jar;C:\Users\Markus\.m2\repository\org\eclipse\jetty\jetty-security\8.1.14.v20131031\jetty-security-8.1.14.v20131031.jar;C:\Users\Markus\.m2\repository\org\eclipse\jetty\jetty-server\8.1.14.v20131031\jetty-server-8.1.14.v20131031.jar;C:\Users\Markus\.m2\repository\org\eclipse\jetty\orbit\javax.servlet\3.0.0.v201112011016\javax.servlet-3.0.0.v201112011016.jar;C:\Users\Markus\.m2\repository\org\eclipse\jetty\jetty-continuation\8.1.14.v20131031\jetty-continuation-8.1.14.v20131031.jar;C:\Users\Markus\.m2\repository\org\eclipse\jetty\jetty-http\8.1.14.v20131031\jetty-http-8.1.14.v20131031.jar;C:\Users\Markus\.m2\repository\org\eclipse\jetty\jetty-io\8.1.14.v20131031\jetty-io-8.1.14.v20131031.jar;C:\Users\Markus\.m2\repository\org\eclipse\jetty\jetty-util\8.1.14.v20131031\jetty-util-8.1.14.v20131031.jar;C:\Users\Markus\.m2\repository\org\yaml\snakeyaml\1.13\snakeyaml-1.13.jar;C:\Users\Markus\.m2\repository\com\h2database\h2\1.3.173\h2-1.3.173.jar;C:\Users\Markus\.m2\repository\org\springframework\spring-test\4.0.6.RELEASE\spring-test-4.0.6.RELEASE.jar;C:\Users\Markus\.m2\repository\org\springframework\batch\spring-batch-test\2.2.1.RELEASE\spring-batch-test-2.2.1.RELEASE.jar;C:\Users\Markus\.m2\repository\org\mockito\mockito-all\1.9.5\mockito-all-1.9.5.jar;"/>
    <property name="java.specification.name" value="Java Platform API Specification"/>
    <property name="java.class.version" value="52.0"/>
    <property name="sun.management.compiler" value="HotSpot 64-Bit Tiered Compilers"/>
    <property name="os.version" value="6.3"/>
    <property name="user.home" value="C:\Users\Markus"/>
    <property name="user.timezone" value="Europe/Berlin"/>
    <property name="java.awt.printerjob" value="sun.awt.windows.WPrinterJob"/>
    <property name="java.specification.version" value="1.8"/>
    <property name="file.encoding" value="Cp1252"/>
    <property name="user.name" value="Markus"/>
    <property name="java.class.path" value="C:\ml\code-cloud\gitdemo\target\test-classes;C:\ml\code-cloud\gitdemo\target\classes;C:\Users\Markus\.m2\repository\junit\junit\4.11\junit-4.11.jar;C:\Users\Markus\.m2\repository\org\hamcrest\hamcrest-core\1.3\hamcrest-core-1.3.jar;C:\Users\Markus\.m2\repository\org\springframework\batch\spring-batch-core\2.2.1.RELEASE\spring-batch-core-2.2.1.RELEASE.jar;C:\Users\Markus\.m2\repository\com\thoughtworks\xstream\xstream\1.3\xstream-1.3.jar;C:\Users\Markus\.m2\repository\xpp3\xpp3_min\1.1.4c\xpp3_min-1.1.4c.jar;C:\Users\Markus\.m2\repository\org\codehaus\jettison\jettison\1.1\jettison-1.1.jar;C:\Users\Markus\.m2\repository\org\springframework\batch\spring-batch-infrastructure\2.2.1.RELEASE\spring-batch-infrastructure-2.2.1.RELEASE.jar;C:\Users\Markus\.m2\repository\org\springframework\retry\spring-retry\1.0.2.RELEASE\spring-retry-1.0.2.RELEASE.jar;C:\Users\Markus\.m2\repository\org\springframework\spring-core\4.0.6.RELEASE\spring-core-4.0.6.RELEASE.jar;C:\Users\Markus\.m2\repository\org\springframework\spring-beans\4.0.6.RELEASE\spring-beans-4.0.6.RELEASE.jar;C:\Users\Markus\.m2\repository\org\springframework\spring-context\4.0.6.RELEASE\spring-context-4.0.6.RELEASE.jar;C:\Users\Markus\.m2\repository\org\springframework\spring-aop\4.0.6.RELEASE\spring-aop-4.0.6.RELEASE.jar;C:\Users\Markus\.m2\repository\aopalliance\aopalliance\1.0\aopalliance-1.0.jar;C:\Users\Markus\.m2\repository\org\springframework\spring-expression\4.0.6.RELEASE\spring-expression-4.0.6.RELEASE.jar;C:\Users\Markus\.m2\repository\org\springframework\spring-jdbc\4.0.6.RELEASE\spring-jdbc-4.0.6.RELEASE.jar;C:\Users\Markus\.m2\repository\org\springframework\spring-tx\4.0.6.RELEASE\spring-tx-4.0.6.RELEASE.jar;C:\Users\Markus\.m2\repository\org\springframework\spring-oxm\4.0.6.RELEASE\spring-oxm-4.0.6.RELEASE.jar;C:\Users\Markus\.m2\repository\org\springframework\spring-webmvc\4.0.6.RELEASE\spring-webmvc-4.0.6.RELEASE.jar;C:\Users\Markus\.m2\repository\org\springframework\spring-web\4.0.6.RELEASE\spring-web-4.0.6.RELEASE.jar;C:\Users\Markus\.m2\repository\org\springframework\spring-orm\4.0.6.RELEASE\spring-orm-4.0.6.RELEASE.jar;C:\Users\Markus\.m2\repository\c3p0\c3p0\0.9.1.2\c3p0-0.9.1.2.jar;C:\Users\Markus\.m2\repository\org\apache\commons\commons-lang3\3.1\commons-lang3-3.1.jar;C:\Users\Markus\.m2\repository\commons-lang\commons-lang\2.6\commons-lang-2.6.jar;C:\Users\Markus\.m2\repository\commons-beanutils\commons-beanutils\1.8.3\commons-beanutils-1.8.3.jar;C:\Users\Markus\.m2\repository\commons-logging\commons-logging\1.1.1\commons-logging-1.1.1.jar;C:\Users\Markus\.m2\repository\commons-collections\commons-collections\20040616\commons-collections-20040616.jar;C:\Users\Markus\.m2\repository\commons-net\commons-net\3.3\commons-net-3.3.jar;C:\Users\Markus\.m2\repository\javax\servlet\jstl\1.2\jstl-1.2.jar;C:\Users\Markus\.m2\repository\org\jvnet\jaxb2_commons\jaxb2-basics-runtime\0.6.4\jaxb2-basics-runtime-0.6.4.jar;C:\Users\Markus\.m2\repository\com\jcraft\jsch\0.1.50\jsch-0.1.50.jar;C:\Users\Markus\.m2\repository\net\sf\jt400\jt400\6.7\jt400-6.7.jar;C:\Users\Markus\.m2\repository\de\idyl\winzipaes\1.0.1\winzipaes-1.0.1.jar;C:\Users\Markus\.m2\repository\org\bouncycastle\bcprov-jdk16\1.45\bcprov-jdk16-1.45.jar;C:\Users\Markus\.m2\repository\org\slf4j\slf4j-api\1.7.5\slf4j-api-1.7.5.jar;C:\Users\Markus\.m2\repository\org\slf4j\jcl-over-slf4j\1.7.5\jcl-over-slf4j-1.7.5.jar;C:\Users\Markus\.m2\repository\net\sourceforge\jtds\jtds\1.2.4\jtds-1.2.4.jar;C:\Users\Markus\.m2\repository\commons-io\commons-io\2.4\commons-io-2.4.jar;C:\Users\Markus\.m2\repository\ch\qos\logback\logback-classic\1.0.13\logback-classic-1.0.13.jar;C:\Users\Markus\.m2\repository\ch\qos\logback\logback-core\1.0.13\logback-core-1.0.13.jar;C:\Users\Markus\.m2\repository\javax\mail\mail\1.5.0-b01\mail-1.5.0-b01.jar;C:\Users\Markus\.m2\repository\javax\activation\activation\1.1\activation-1.1.jar;C:\Users\Markus\.m2\repository\org\hibernate\hibernate-core\4.2.3.Final\hibernate-core-4.2.3.Final.jar;C:\Users\Markus\.m2\repository\antlr\antlr\2.7.7\antlr-2.7.7.jar;C:\Users\Markus\.m2\repository\org\jboss\logging\jboss-logging\3.1.0.GA\jboss-logging-3.1.0.GA.jar;C:\Users\Markus\.m2\repository\dom4j\dom4j\1.6.1\dom4j-1.6.1.jar;C:\Users\Markus\.m2\repository\org\jboss\spec\javax\transaction\jboss-transaction-api_1.1_spec\1.0.1.Final\jboss-transaction-api_1.1_spec-1.0.1.Final.jar;C:\Users\Markus\.m2\repository\org\hibernate\javax\persistence\hibernate-jpa-2.0-api\1.0.1.Final\hibernate-jpa-2.0-api-1.0.1.Final.jar;C:\Users\Markus\.m2\repository\org\hibernate\common\hibernate-commons-annotations\4.0.2.Final\hibernate-commons-annotations-4.0.2.Final.jar;C:\Users\Markus\.m2\repository\org\javassist\javassist\3.15.0-GA\javassist-3.15.0-GA.jar;C:\Users\Markus\.m2\repository\org\hibernate\hibernate-entitymanager\4.2.3.Final\hibernate-entitymanager-4.2.3.Final.jar;C:\Users\Markus\.m2\repository\org\hibernate\hibernate-validator\5.0.1.Final\hibernate-validator-5.0.1.Final.jar;C:\Users\Markus\.m2\repository\javax\validation\validation-api\1.1.0.Final\validation-api-1.1.0.Final.jar;C:\Users\Markus\.m2\repository\com\fasterxml\classmate\0.8.0\classmate-0.8.0.jar;C:\Users\Markus\.m2\repository\commons-dbcp\commons-dbcp\1.4\commons-dbcp-1.4.jar;C:\Users\Markus\.m2\repository\commons-pool\commons-pool\1.5.4\commons-pool-1.5.4.jar;C:\Users\Markus\.m2\repository\org\apache\cxf\cxf-api\2.7.6\cxf-api-2.7.6.jar;C:\Users\Markus\.m2\repository\org\codehaus\woodstox\woodstox-core-asl\4.2.0\woodstox-core-asl-4.2.0.jar;C:\Users\Markus\.m2\repository\org\codehaus\woodstox\stax2-api\3.1.1\stax2-api-3.1.1.jar;C:\Users\Markus\.m2\repository\org\apache\ws\xmlschema\xmlschema-core\2.0.3\xmlschema-core-2.0.3.jar;C:\Users\Markus\.m2\repository\org\apache\geronimo\specs\geronimo-javamail_1.4_spec\1.7.1\geronimo-javamail_1.4_spec-1.7.1.jar;C:\Users\Markus\.m2\repository\wsdl4j\wsdl4j\1.6.3\wsdl4j-1.6.3.jar;C:\Users\Markus\.m2\repository\org\apache\cxf\cxf-rt-frontend-jaxws\2.7.6\cxf-rt-frontend-jaxws-2.7.6.jar;C:\Users\Markus\.m2\repository\xml-resolver\xml-resolver\1.2\xml-resolver-1.2.jar;C:\Users\Markus\.m2\repository\asm\asm\3.3.1\asm-3.3.1.jar;C:\Users\Markus\.m2\repository\org\apache\cxf\cxf-rt-core\2.7.6\cxf-rt-core-2.7.6.jar;C:\Users\Markus\.m2\repository\com\sun\xml\bind\jaxb-impl\2.1.13\jaxb-impl-2.1.13.jar;C:\Users\Markus\.m2\repository\org\apache\cxf\cxf-rt-bindings-soap\2.7.6\cxf-rt-bindings-soap-2.7.6.jar;C:\Users\Markus\.m2\repository\org\apache\cxf\cxf-rt-databinding-jaxb\2.7.6\cxf-rt-databinding-jaxb-2.7.6.jar;C:\Users\Markus\.m2\repository\org\apache\cxf\cxf-rt-bindings-xml\2.7.6\cxf-rt-bindings-xml-2.7.6.jar;C:\Users\Markus\.m2\repository\org\apache\cxf\cxf-rt-frontend-simple\2.7.6\cxf-rt-frontend-simple-2.7.6.jar;C:\Users\Markus\.m2\repository\org\apache\cxf\cxf-rt-ws-addr\2.7.6\cxf-rt-ws-addr-2.7.6.jar;C:\Users\Markus\.m2\repository\org\apache\cxf\cxf-rt-ws-policy\2.7.6\cxf-rt-ws-policy-2.7.6.jar;C:\Users\Markus\.m2\repository\org\apache\neethi\neethi\3.0.2\neethi-3.0.2.jar;C:\Users\Markus\.m2\repository\org\apache\cxf\cxf-rt-transports-http\2.7.6\cxf-rt-transports-http-2.7.6.jar;C:\Users\Markus\.m2\repository\org\liquibase\liquibase-core\3.2.0\liquibase-core-3.2.0.jar;C:\Users\Markus\.m2\repository\commons-cli\commons-cli\1.2\commons-cli-1.2.jar;C:\Users\Markus\.m2\repository\org\apache\velocity\velocity\1.7\velocity-1.7.jar;C:\Users\Markus\.m2\repository\org\eclipse\jetty\jetty-servlet\8.1.14.v20131031\jetty-servlet-8.1.14.v20131031.jar;C:\Users\Markus\.m2\repository\org\eclipse\jetty\jetty-security\8.1.14.v20131031\jetty-security-8.1.14.v20131031.jar;C:\Users\Markus\.m2\repository\org\eclipse\jetty\jetty-server\8.1.14.v20131031\jetty-server-8.1.14.v20131031.jar;C:\Users\Markus\.m2\repository\org\eclipse\jetty\orbit\javax.servlet\3.0.0.v201112011016\javax.servlet-3.0.0.v201112011016.jar;C:\Users\Markus\.m2\repository\org\eclipse\jetty\jetty-continuation\8.1.14.v20131031\jetty-continuation-8.1.14.v20131031.jar;C:\Users\Markus\.m2\repository\org\eclipse\jetty\jetty-http\8.1.14.v20131031\jetty-http-8.1.14.v20131031.jar;C:\Users\Markus\.m2\repository\org\eclipse\jetty\jetty-io\8.1.14.v20131031\jetty-io-8.1.14.v20131031.jar;C:\Users\Markus\.m2\repository\org\eclipse\jetty\jetty-util\8.1.14.v20131031\jetty-util-8.1.14.v20131031.jar;C:\Users\Markus\.m2\repository\org\yaml\snakeyaml\1.13\snakeyaml-1.13.jar;C:\Users\Markus\.m2\repository\com\h2database\h2\1.3.173\h2-1.3.173.jar;C:\Users\Markus\.m2\repository\org\springframework\spring-test\4.0.6.RELEASE\spring-test-4.0.6.RELEASE.jar;C:\Users\Markus\.m2\repository\org\springframework\batch\spring-batch-test\2.2.1.RELEASE\spring-batch-test-2.2.1.RELEASE.jar;C:\Users\Markus\.m2\repository\org\mockito\mockito-all\1.9.5\mockito-all-1.9.5.jar;"/>
    <property name="java.vm.specification.version" value="1.8"/>
    <property name="sun.arch.data.model" value="64"/>
    <property name="java.home" value="C:\Program Files\Java\jdk1.8.0\jre"/>
    <property name="sun.java.command" value="C:\ml\code-cloud\gitdemo\target\surefire\surefirebooter4194625869609283728.jar C:\ml\code-cloud\gitdemo\target\surefire\surefire4043724464931148247tmp C:\ml\code-cloud\gitdemo\target\surefire\surefire2848411155005456032tmp"/>
    <property name="java.specification.vendor" value="Oracle Corporation"/>
    <property name="user.language" value="de"/>
    <property name="awt.toolkit" value="sun.awt.windows.WToolkit"/>
    <property name="java.vm.info" value="mixed mode"/>
    <property name="java.version" value="1.8.0"/>
    <property name="java.ext.dirs" value="C:\Program Files\Java\jdk1.8.0\jre\lib\ext;C:\WINDOWS\Sun\Java\lib\ext"/>
    <property name="sun.boot.class.path" value="C:\Program Files\Java\jdk1.8.0\jre\lib\resources.jar;C:\Program Files\Java\jdk1.8.0\jre\lib\rt.jar;C:\Program Files\Java\jdk1.8.0\jre\lib\sunrsasign.jar;C:\Program Files\Java\jdk1.8.0\jre\lib\jsse.jar;C:\Program Files\Java\jdk1.8.0\jre\lib\jce.jar;C:\Program Files\Java\jdk1.8.0\jre\lib\charsets.jar;C:\Program Files\Java\jdk1.8.0\jre\lib\jfr.jar;C:\Program Files\Java\jdk1.8.0\jre\classes"/>
    <property name="java.vendor" value="Oracle Corporation"/>
    <property name="localRepository" value="C:\Users\Markus\.m2\repository"/>
    <property name="file.separator" value="\"/>
    <property name="java.vendor.url.bug" value="http://bugreport.sun.com/bugreport/"/>
    <property name="sun.cpu.endian" value="little"/>
    <property name="sun.io.unicode.encoding" value="UnicodeLittle"/>
    <property name="sun.desktop" value="windows"/>
    <property name="sun.cpu.isalist" value="amd64"/>
  </properties>
  <testcase classname="ml.GitDemoTest" name="test" time="0"/>
</testsuite>